<?xml version="1.0" encoding="UTF-8"?>
<!-- Generated by org.testng.reporters.JUnitReportReporter -->
<testsuite skipped="0" hostname="LAPTOP-CS1L3RB8" name="selenium.test.PractoLogin" tests="2" failures="0" timestamp="27 Jan 2022 12:56:54 GMT" time="7.412" errors="0">
  <testcase name="loginAndValidateError" time="4.885" classname="selenium.test.PractoLogin"/>
  <testcase name="registerAndValidate" time="2.527" classname="selenium.test.PractoLogin"/>
</testsuite> <!-- selenium.test.PractoLogin -->
