<?xml version="1.0" encoding="UTF-8"?>
<!-- Generated by org.testng.reporters.JUnitReportReporter -->
<testsuite skipped="0" hostname="LAPTOP-CS1L3RB8" name="selenium.test.NewTest" tests="1" failures="0" timestamp="27 Jan 2022 11:16:34 GMT" time="3.122" errors="0">
  <testcase name="loginAndValidate" time="3.122" classname="selenium.test.NewTest"/>
</testsuite> <!-- selenium.test.NewTest -->
